CRITICAL - 2023-08-18 01:14:20 --> Undefined variable $citas
in APPPATH\Views\Calendario.php on line 37.
 1 APPPATH\Views\Calendario.php(37): CodeIgniter\Debug\Exceptions->errorHandler(2, 'Undefined variable $citas', 'C:\\xampp\\htdocs\\codeigniter\\app\\Views\\Calendario.php', 37)
 2 SYSTEMPATH\View\View.php(224): include('C:\\xampp\\htdocs\\codeigniter\\app\\Views\\Calendario.php')
 3 SYSTEMPATH\View\View.php(227): CodeIgniter\View\View->CodeIgniter\View\{closure}()
 4 SYSTEMPATH\Common.php(1176): CodeIgniter\View\View->render('Calendario', [], true)
 5 APPPATH\Controllers\Home.php(9): view('Calendario')
 6 SYSTEMPATH\CodeIgniter.php(932): App\Controllers\Home->index()
 7 SYSTEMPATH\CodeIgniter.php(497): CodeIgniter\CodeIgniter->runController(Object(App\Controllers\Home))
 8 SYSTEMPATH\CodeIgniter.php(366): CodeIgniter\CodeIgniter->handleRequest(null, Object(Config\Cache), false)
 9 FCPATH\index.php(67): CodeIgniter\CodeIgniter->run()
CRITICAL - 2023-08-18 01:17:39 --> Undefined variable $citas
in APPPATH\Views\Calendario.php on line 37.
 1 APPPATH\Views\Calendario.php(37): CodeIgniter\Debug\Exceptions->errorHandler(2, 'Undefined variable $citas', 'C:\\xampp\\htdocs\\codeigniter\\app\\Views\\Calendario.php', 37)
 2 SYSTEMPATH\View\View.php(224): include('C:\\xampp\\htdocs\\codeigniter\\app\\Views\\Calendario.php')
 3 SYSTEMPATH\View\View.php(227): CodeIgniter\View\View->CodeIgniter\View\{closure}()
 4 SYSTEMPATH\Common.php(1176): CodeIgniter\View\View->render('Calendario', [], true)
 5 APPPATH\Controllers\Home.php(9): view('Calendario')
 6 SYSTEMPATH\CodeIgniter.php(932): App\Controllers\Home->index()
 7 SYSTEMPATH\CodeIgniter.php(497): CodeIgniter\CodeIgniter->runController(Object(App\Controllers\Home))
 8 SYSTEMPATH\CodeIgniter.php(366): CodeIgniter\CodeIgniter->handleRequest(null, Object(Config\Cache), false)
 9 FCPATH\index.php(67): CodeIgniter\CodeIgniter->run()
CRITICAL - 2023-08-18 01:19:27 --> Undefined variable $citas
in APPPATH\Views\Calendario.php on line 37.
 1 APPPATH\Views\Calendario.php(37): CodeIgniter\Debug\Exceptions->errorHandler(2, 'Undefined variable $citas', 'C:\\xampp\\htdocs\\codeigniter\\app\\Views\\Calendario.php', 37)
 2 SYSTEMPATH\View\View.php(224): include('C:\\xampp\\htdocs\\codeigniter\\app\\Views\\Calendario.php')
 3 SYSTEMPATH\View\View.php(227): CodeIgniter\View\View->CodeIgniter\View\{closure}()
 4 SYSTEMPATH\Common.php(1176): CodeIgniter\View\View->render('Calendario', [], true)
 5 APPPATH\Controllers\Home.php(9): view('Calendario')
 6 SYSTEMPATH\CodeIgniter.php(932): App\Controllers\Home->index()
 7 SYSTEMPATH\CodeIgniter.php(497): CodeIgniter\CodeIgniter->runController(Object(App\Controllers\Home))
 8 SYSTEMPATH\CodeIgniter.php(366): CodeIgniter\CodeIgniter->handleRequest(null, Object(Config\Cache), false)
 9 FCPATH\index.php(67): CodeIgniter\CodeIgniter->run()
CRITICAL - 2023-08-18 01:21:52 --> Undefined array key "Nota"
in APPPATH\Views\Calendario.php on line 45.
 1 APPPATH\Views\Calendario.php(45): CodeIgniter\Debug\Exceptions->errorHandler(2, 'Undefined array key "Nota"', 'C:\\xampp\\htdocs\\codeigniter\\app\\Views\\Calendario.php', 45)
 2 SYSTEMPATH\View\View.php(224): include('C:\\xampp\\htdocs\\codeigniter\\app\\Views\\Calendario.php')
 3 SYSTEMPATH\View\View.php(227): CodeIgniter\View\View->CodeIgniter\View\{closure}()
 4 SYSTEMPATH\Common.php(1176): CodeIgniter\View\View->render('Calendario', [], true)
 5 APPPATH\Controllers\CalendarioController.php(14): view('Calendario', [...])
 6 SYSTEMPATH\CodeIgniter.php(932): App\Controllers\Calendariocontroller->index()
 7 SYSTEMPATH\CodeIgniter.php(497): CodeIgniter\CodeIgniter->runController(Object(App\Controllers\Calendariocontroller))
 8 SYSTEMPATH\CodeIgniter.php(366): CodeIgniter\CodeIgniter->handleRequest(null, Object(Config\Cache), false)
 9 FCPATH\index.php(67): CodeIgniter\CodeIgniter->run()
CRITICAL - 2023-08-18 02:25:02 --> Invalid file: "Calendario-lista.php"
in SYSTEMPATH\Exceptions\FrameworkException.php on line 33.
 1 SYSTEMPATH\View\View.php(212): CodeIgniter\Exceptions\FrameworkException::forInvalidFile('Calendario-lista.php')
 2 SYSTEMPATH\Common.php(1176): CodeIgniter\View\View->render('Calendario-lista', [], true)
 3 APPPATH\Controllers\CalendarioController.php(14): view('Calendario-lista', [...])
 4 SYSTEMPATH\CodeIgniter.php(932): App\Controllers\Calendariocontroller->index()
 5 SYSTEMPATH\CodeIgniter.php(497): CodeIgniter\CodeIgniter->runController(Object(App\Controllers\Calendariocontroller))
 6 SYSTEMPATH\CodeIgniter.php(366): CodeIgniter\CodeIgniter->handleRequest(null, Object(Config\Cache), false)
 7 FCPATH\index.php(67): CodeIgniter\CodeIgniter->run()
ERROR - 2023-08-18 04:09:39 --> mysqli_sql_exception: Duplicate entry '0' for key 'PRIMARY' in C:\xampp\htdocs\codeigniter\system\Database\MySQLi\Connection.php:295
Stack trace:
#0 C:\xampp\htdocs\codeigniter\system\Database\MySQLi\Connection.php(295): mysqli->query('INSERT INTO `ca...', 0)
#1 C:\xampp\htdocs\codeigniter\system\Database\BaseConnection.php(692): CodeIgniter\Database\MySQLi\Connection->execute('INSERT INTO `ca...')
#2 C:\xampp\htdocs\codeigniter\system\Database\BaseConnection.php(606): CodeIgniter\Database\BaseConnection->simpleQuery('INSERT INTO `ca...')
#3 C:\xampp\htdocs\codeigniter\system\Database\BaseBuilder.php(2309): CodeIgniter\Database\BaseConnection->query('INSERT INTO `ca...', Array, false)
#4 C:\xampp\htdocs\codeigniter\system\Model.php(330): CodeIgniter\Database\BaseBuilder->insert()
#5 C:\xampp\htdocs\codeigniter\system\BaseModel.php(782): CodeIgniter\Model->doInsert(Array)
#6 C:\xampp\htdocs\codeigniter\system\Model.php(730): CodeIgniter\BaseModel->insert(Array, true)
#7 C:\xampp\htdocs\codeigniter\app\Controllers\CalendarioController.php(50): CodeIgniter\Model->insert(Array)
#8 C:\xampp\htdocs\codeigniter\system\CodeIgniter.php(932): App\Controllers\Calendariocontroller->crearCalendar()
#9 C:\xampp\htdocs\codeigniter\system\CodeIgniter.php(497): CodeIgniter\CodeIgniter->runController(Object(App\Controllers\Calendariocontroller))
#10 C:\xampp\htdocs\codeigniter\system\CodeIgniter.php(366): CodeIgniter\CodeIgniter->handleRequest(NULL, Object(Config\Cache), false)
#11 C:\xampp\htdocs\codeigniter\index.php(67): CodeIgniter\CodeIgniter->run()
#12 {main}
CRITICAL - 2023-08-18 04:09:40 --> Duplicate entry '0' for key 'PRIMARY'
in SYSTEMPATH\Database\MySQLi\Connection.php on line 295.
 1 SYSTEMPATH\Database\MySQLi\Connection.php(295): mysqli->query('INSERT INTO `calendars` (`text`, `color`, `active`) VALUES (\'\', \'#997CEB\', \'1\')', 0)
 2 SYSTEMPATH\Database\BaseConnection.php(692): CodeIgniter\Database\MySQLi\Connection->execute('INSERT INTO `calendars` (`text`, `color`, `active`) VALUES (\'\', \'#997CEB\', \'1\')')
 3 SYSTEMPATH\Database\BaseConnection.php(606): CodeIgniter\Database\BaseConnection->simpleQuery('INSERT INTO `calendars` (`text`, `color`, `active`) VALUES (\'\', \'#997CEB\', \'1\')')
 4 SYSTEMPATH\Database\BaseBuilder.php(2309): CodeIgniter\Database\BaseConnection->query('INSERT INTO `calendars` (`text`, `color`, `active`) VALUES (:text:, :color:, :active:)', [...], false)
 5 SYSTEMPATH\Model.php(330): CodeIgniter\Database\BaseBuilder->insert()
 6 SYSTEMPATH\BaseModel.php(782): CodeIgniter\Model->doInsert([...])
 7 SYSTEMPATH\Model.php(730): CodeIgniter\BaseModel->insert([...], true)
 8 APPPATH\Controllers\CalendarioController.php(50): CodeIgniter\Model->insert([...])
 9 SYSTEMPATH\CodeIgniter.php(932): App\Controllers\Calendariocontroller->crearCalendar()
10 SYSTEMPATH\CodeIgniter.php(497): CodeIgniter\CodeIgniter->runController(Object(App\Controllers\Calendariocontroller))
11 SYSTEMPATH\CodeIgniter.php(366): CodeIgniter\CodeIgniter->handleRequest(null, Object(Config\Cache), false)
12 FCPATH\index.php(67): CodeIgniter\CodeIgniter->run()
CRITICAL - 2023-08-18 05:29:43 --> Class "App\Models\CitasModel" not found
in APPPATH\Controllers\CalendarioController.php on line 32.
 1 SYSTEMPATH\CodeIgniter.php(932): App\Controllers\Calendariocontroller->getCitas()
 2 SYSTEMPATH\CodeIgniter.php(497): CodeIgniter\CodeIgniter->runController(Object(App\Controllers\Calendariocontroller))
 3 SYSTEMPATH\CodeIgniter.php(366): CodeIgniter\CodeIgniter->handleRequest(null, Object(Config\Cache), false)
 4 FCPATH\index.php(67): CodeIgniter\CodeIgniter->run()
CRITICAL - 2023-08-18 05:31:56 --> Class "App\Models\CitasModel" not found
in APPPATH\Controllers\CalendarioController.php on line 32.
 1 SYSTEMPATH\CodeIgniter.php(932): App\Controllers\Calendariocontroller->getCitas()
 2 SYSTEMPATH\CodeIgniter.php(497): CodeIgniter\CodeIgniter->runController(Object(App\Controllers\Calendariocontroller))
 3 SYSTEMPATH\CodeIgniter.php(366): CodeIgniter\CodeIgniter->handleRequest(null, Object(Config\Cache), false)
 4 FCPATH\index.php(67): CodeIgniter\CodeIgniter->run()
CRITICAL - 2023-08-18 05:34:15 --> Class "App\Models\CitasModel" not found
in APPPATH\Controllers\CalendarioController.php on line 32.
 1 SYSTEMPATH\CodeIgniter.php(932): App\Controllers\Calendariocontroller->getCitas()
 2 SYSTEMPATH\CodeIgniter.php(497): CodeIgniter\CodeIgniter->runController(Object(App\Controllers\Calendariocontroller))
 3 SYSTEMPATH\CodeIgniter.php(366): CodeIgniter\CodeIgniter->handleRequest(null, Object(Config\Cache), false)
 4 FCPATH\index.php(67): CodeIgniter\CodeIgniter->run()
CRITICAL - 2023-08-18 05:35:00 --> Class "App\Models\CitasModel" not found
in APPPATH\Controllers\CalendarioController.php on line 32.
 1 SYSTEMPATH\CodeIgniter.php(932): App\Controllers\Calendariocontroller->getCitas()
 2 SYSTEMPATH\CodeIgniter.php(497): CodeIgniter\CodeIgniter->runController(Object(App\Controllers\Calendariocontroller))
 3 SYSTEMPATH\CodeIgniter.php(366): CodeIgniter\CodeIgniter->handleRequest(null, Object(Config\Cache), false)
 4 FCPATH\index.php(67): CodeIgniter\CodeIgniter->run()
CRITICAL - 2023-08-18 05:35:01 --> Class "App\Models\CitasModel" not found
in APPPATH\Controllers\CalendarioController.php on line 32.
 1 SYSTEMPATH\CodeIgniter.php(932): App\Controllers\Calendariocontroller->getCitas()
 2 SYSTEMPATH\CodeIgniter.php(497): CodeIgniter\CodeIgniter->runController(Object(App\Controllers\Calendariocontroller))
 3 SYSTEMPATH\CodeIgniter.php(366): CodeIgniter\CodeIgniter->handleRequest(null, Object(Config\Cache), false)
 4 FCPATH\index.php(67): CodeIgniter\CodeIgniter->run()
CRITICAL - 2023-08-18 05:39:42 --> Class "App\Models\CitasModel" not found
in APPPATH\Controllers\CalendarioController.php on line 32.
 1 SYSTEMPATH\CodeIgniter.php(932): App\Controllers\Calendariocontroller->getCitas()
 2 SYSTEMPATH\CodeIgniter.php(497): CodeIgniter\CodeIgniter->runController(Object(App\Controllers\Calendariocontroller))
 3 SYSTEMPATH\CodeIgniter.php(366): CodeIgniter\CodeIgniter->handleRequest(null, Object(Config\Cache), false)
 4 FCPATH\index.php(67): CodeIgniter\CodeIgniter->run()
CRITICAL - 2023-08-18 05:41:16 --> Class "App\Models\CitasModel" not found
in APPPATH\Controllers\CalendarioController.php on line 32.
 1 SYSTEMPATH\CodeIgniter.php(932): App\Controllers\Calendariocontroller->getCitas()
 2 SYSTEMPATH\CodeIgniter.php(497): CodeIgniter\CodeIgniter->runController(Object(App\Controllers\Calendariocontroller))
 3 SYSTEMPATH\CodeIgniter.php(366): CodeIgniter\CodeIgniter->handleRequest(null, Object(Config\Cache), false)
 4 FCPATH\index.php(67): CodeIgniter\CodeIgniter->run()
CRITICAL - 2023-08-18 05:41:54 --> Class "App\Models\CitasModel" not found
in APPPATH\Controllers\CalendarioController.php on line 32.
 1 SYSTEMPATH\CodeIgniter.php(932): App\Controllers\Calendariocontroller->getCitas()
 2 SYSTEMPATH\CodeIgniter.php(497): CodeIgniter\CodeIgniter->runController(Object(App\Controllers\Calendariocontroller))
 3 SYSTEMPATH\CodeIgniter.php(366): CodeIgniter\CodeIgniter->handleRequest(null, Object(Config\Cache), false)
 4 FCPATH\index.php(67): CodeIgniter\CodeIgniter->run()
CRITICAL - 2023-08-18 05:41:57 --> Class "App\Models\CitasModel" not found
in APPPATH\Controllers\CalendarioController.php on line 32.
 1 SYSTEMPATH\CodeIgniter.php(932): App\Controllers\Calendariocontroller->getCitas()
 2 SYSTEMPATH\CodeIgniter.php(497): CodeIgniter\CodeIgniter->runController(Object(App\Controllers\Calendariocontroller))
 3 SYSTEMPATH\CodeIgniter.php(366): CodeIgniter\CodeIgniter->handleRequest(null, Object(Config\Cache), false)
 4 FCPATH\index.php(67): CodeIgniter\CodeIgniter->run()
CRITICAL - 2023-08-18 05:43:55 --> Class "App\Models\CitasModel" not found
in APPPATH\Controllers\CalendarioController.php on line 32.
 1 SYSTEMPATH\CodeIgniter.php(932): App\Controllers\Calendariocontroller->getCitas()
 2 SYSTEMPATH\CodeIgniter.php(497): CodeIgniter\CodeIgniter->runController(Object(App\Controllers\Calendariocontroller))
 3 SYSTEMPATH\CodeIgniter.php(366): CodeIgniter\CodeIgniter->handleRequest(null, Object(Config\Cache), false)
 4 FCPATH\index.php(67): CodeIgniter\CodeIgniter->run()
CRITICAL - 2023-08-18 05:44:27 --> Class "App\Models\CitasModel" not found
in APPPATH\Controllers\CalendarioController.php on line 32.
 1 SYSTEMPATH\CodeIgniter.php(932): App\Controllers\Calendariocontroller->getCitas()
 2 SYSTEMPATH\CodeIgniter.php(497): CodeIgniter\CodeIgniter->runController(Object(App\Controllers\Calendariocontroller))
 3 SYSTEMPATH\CodeIgniter.php(366): CodeIgniter\CodeIgniter->handleRequest(null, Object(Config\Cache), false)
 4 FCPATH\index.php(67): CodeIgniter\CodeIgniter->run()
CRITICAL - 2023-08-18 05:44:43 --> Class "App\Models\CitasModel" not found
in APPPATH\Controllers\CalendarioController.php on line 32.
 1 SYSTEMPATH\CodeIgniter.php(932): App\Controllers\Calendariocontroller->getCitas()
 2 SYSTEMPATH\CodeIgniter.php(497): CodeIgniter\CodeIgniter->runController(Object(App\Controllers\Calendariocontroller))
 3 SYSTEMPATH\CodeIgniter.php(366): CodeIgniter\CodeIgniter->handleRequest(null, Object(Config\Cache), false)
 4 FCPATH\index.php(67): CodeIgniter\CodeIgniter->run()
